classifying bobcat jpgs...
bobcat (score = 0.84058) | filename: Cam3_EK000257.JPG
bobcat (score = 0.74108) | filename: Cam4_EK001771.JPG
bobcat (score = 0.80850) | filename: Cam4_EK001778.JPG
bobcat (score = 0.91927) | filename: Cam4_EK001767.JPG
bobcat (score = 0.97616) | filename: Cam4_EK001754.JPG
bobcat (score = 0.85900) | filename: Cam4_EK001776.JPG
bobcat (score = 0.88853) | filename: Cam4_EK001273.JPG
bobcat (score = 0.83822) | filename: Cam4_EK001775.JPG
bobcat (score = 0.80759) | filename: Cam4_EK001765.JPG
bobcat (score = 0.97583) | filename: Cam3_EK001464.JPG
bobcat (score = 0.97551) | filename: Cam4_EK001628.JPG
bobcat (score = 0.94218) | filename: Cam4_EK001496.JPG
bobcat (score = 0.91532) | filename: Cam3_EK000260.JPG
bobcat (score = 0.87525) | filename: Cam4_EK001495.JPG
bobcat (score = 0.94072) | filename: Cam4_EK001374.JPG
bobcat (score = 0.88002) | filename: Cam4_EK001629.JPG
bobcat (score = 0.90831) | filename: Cam4_EK001372.JPG
bobcat (score = 0.97565) | filename: Cam4_EK001274.JPG
bobcat (score = 0.94509) | filename: Cam3_EK000259.JPG
bobcat (score = 0.90410) | filename: Cam4_EK001766.JPG
bobcat (score = 0.97423) | filename: Cam3_EK000256.JPG
deer (score = 0.64714) | filename: Cam3_EK000258.JPG
bobcat (score = 0.98586) | filename: Cam4_EK001373.JPG
bobcat (score = 0.98240) | filename: Cam4_EK001755.JPG
bobcat (score = 0.90758) | filename: Cam4_EK001773.JPG
bobcat (score = 0.98524) | filename: Cam4_EK001627.JPG
bobcat (score = 0.87687) | filename: Cam4_EK001631.JPG
bobcat (score = 0.94443) | filename: Cam4_EK001777.JPG
bobcat (score = 0.96713) | filename: Cam3_EK001463.JPG
bobcat (score = 0.89092) | filename: Cam4_EK001630.JPG
bobcat (score = 0.94891) | filename: Cam4_EK001632.JPG
bobcat (score = 0.48904) | filename: Cam4_EK001497.JPG
bobcat (score = 0.96114) | filename: Cam4_EK001779.JPG
bobcat (score = 0.96203) | filename: Cam3_EK001462.JPG
bobcat (score = 0.61762) | filename: Cam3_EK000261.JPG
bobcat (score = 0.98383) | filename: Cam4_EK001772.JPG
bobcat (score = 0.99495) | filename: Cam4_EK001275.JPG
classifying deer jpgs...
possum (score = 0.56016) | filename: Cam3_EK000516.JPG
deer (score = 0.99923) | filename: Cam3_EK000372.JPG
deer (score = 0.99963) | filename: Cam3_EK001267.JPG
deer (score = 0.96256) | filename: Cam3_EK000211.JPG
deer (score = 0.99773) | filename: Cam3_EK000180.JPG
deer (score = 0.99927) | filename: Cam3_EK001331.JPG
possum (score = 0.86959) | filename: Cam3_EK000285.JPG
possum (score = 0.56034) | filename: Cam3_EK000515.JPG
classifying human jpgs...
human (score = 0.58813) | filename: Cam4_EK001725.JPG
human (score = 0.83167) | filename: Cam4_EK001746.JPG
human (score = 0.99971) | filename: Cam4_EK001928.JPG
human (score = 0.99997) | filename: Cam4_EK001476.JPG
human (score = 0.98022) | filename: Cam4_EK001247.JPG
human (score = 0.97479) | filename: Cam4_EK001824.JPG
human (score = 0.99853) | filename: Cam4_EK001797.JPG
human (score = 0.82502) | filename: Cam4_EK001806.JPG
human (score = 0.99958) | filename: Cam4_EK001702.JPG
human (score = 0.99884) | filename: Cam4_EK001206.JPG
human (score = 0.99817) | filename: Cam4_EK001310.JPG
human (score = 0.99914) | filename: Cam4_EK001400.JPG
human (score = 0.99983) | filename: Cam4_EK001399.JPG
human (score = 0.99991) | filename: Cam4_EK001643.JPG
human (score = 0.99073) | filename: Cam3_EK000743.JPG
human (score = 0.99983) | filename: Cam4_EK001705.JPG
human (score = 0.99837) | filename: Cam4_EK001204.JPG
deer (score = 0.75040) | filename: Cam4_EK001822.JPG
human (score = 0.99890) | filename: Cam4_EK001572.JPG
human (score = 0.99980) | filename: Cam4_EK001703.JPG
human (score = 0.99984) | filename: Cam4_EK001568.JPG
human (score = 0.96151) | filename: Cam4_EK001828.JPG
human (score = 0.99957) | filename: Cam4_EK001603.JPG
human (score = 0.99995) | filename: Cam4_EK001474.JPG
human (score = 0.54076) | filename: Cam4_EK001281.JPG
human (score = 0.99708) | filename: Cam4_EK001927.JPG
human (score = 0.99990) | filename: Cam4_EK001913.JPG
human (score = 0.97093) | filename: Cam4_EK001438.JPG
human (score = 0.99990) | filename: Cam4_EK001297.JPG
human (score = 0.99982) | filename: Cam4_EK001642.JPG
human (score = 0.97999) | filename: Cam4_EK001440.JPG
human (score = 0.99829) | filename: Cam4_EK001243.JPG
human (score = 0.77509) | filename: Cam4_EK001823.JPG
human (score = 0.99860) | filename: Cam4_EK001605.JPG
human (score = 0.99995) | filename: Cam4_EK001764.JPG
human (score = 0.99847) | filename: Cam4_EK001244.JPG
human (score = 0.97582) | filename: Cam4_EK001807.JPG
human (score = 0.99998) | filename: Cam4_EK001690.JPG
human (score = 0.99979) | filename: Cam4_EK001470.JPG
human (score = 0.86804) | filename: Cam4_EK001280.JPG
human (score = 0.80616) | filename: Cam4_EK001647.JPG
human (score = 0.99987) | filename: Cam4_EK001762.JPG
human (score = 0.97035) | filename: Cam4_EK001684.JPG
human (score = 0.37569) | filename: Cam4_EK001896.JPG
human (score = 0.96225) | filename: Cam4_EK001941.JPG
nothing (score = 0.48642) | filename: Cam4_EK001646.JPG
human (score = 0.99978) | filename: Cam4_EK001892.JPG
human (score = 0.55694) | filename: Cam4_EK001602.JPG
human (score = 0.99994) | filename: Cam4_EK001468.JPG
human (score = 0.99864) | filename: Cam4_EK001255.JPG
human (score = 0.96441) | filename: Cam4_EK001933.JPG
human (score = 0.99827) | filename: Cam4_EK001916.JPG
nothing (score = 0.71606) | filename: Cam4_EK001472.JPG
classifying nothing jpgs...
nothing (score = 0.99291) | filename: Cam3_EK001423.JPG
nothing (score = 0.81654) | filename: Cam4_EK002000.JPG
nothing (score = 0.33991) | filename: Cam4_EK001917.JPG
nothing (score = 0.65642) | filename: Cam4_EK001781.JPG
nothing (score = 0.83251) | filename: Cam4_EK001839.JPG
nothing (score = 0.91642) | filename: Cam3_EK001473.JPG
nothing (score = 0.51456) | filename: Cam4_EK001886.JPG
nothing (score = 0.81345) | filename: Cam4_EK001902.JPG
nothing (score = 0.91776) | filename: Cam3_EK001561.JPG
possum (score = 0.74823) | filename: Cam3_EK000012.JPG
nothing (score = 0.97404) | filename: Cam3_EK001593.JPG
squirrel (score = 0.58987) | filename: Cam4_EK001708.JPG
nothing (score = 0.91388) | filename: Cam3_EK001543.JPG
nothing (score = 0.98766) | filename: Cam3_EK001579.JPG
nothing (score = 0.95973) | filename: Cam3_EK001459.JPG
nothing (score = 0.74273) | filename: Cam3_EK001336.JPG
nothing (score = 0.49185) | filename: Cam3_EK001234.JPG
nothing (score = 0.99628) | filename: Cam3_EK001594.JPG
nothing (score = 0.77592) | filename: Cam3_EK001510.JPG
nothing (score = 0.90397) | filename: Cam4_EK001971.JPG
nothing (score = 0.92569) | filename: Cam3_EK001388.JPG
squirrel (score = 0.74950) | filename: Cam4_EK001214.JPG
classifying possum jpgs...
possum (score = 0.96036) | filename: Cam3_EK000275.JPG
possum (score = 0.88630) | filename: Cam3_EK000152.JPG
possum (score = 0.95920) | filename: Cam3_EK000264.JPG
possum (score = 0.94310) | filename: Cam3_EK000276.JPG
possum (score = 0.91540) | filename: Cam3_EK000010.JPG
possum (score = 0.98176) | filename: Cam3_EK000118.JPG
possum (score = 0.90234) | filename: Cam3_EK000151.JPG
possum (score = 0.95930) | filename: Cam3_EK000129.JPG
possum (score = 0.94569) | filename: Cam3_EK000011.JPG
possum (score = 0.95888) | filename: Cam3_EK000262.JPG
possum (score = 0.83300) | filename: Cam3_EK000153.JPG
possum (score = 0.86829) | filename: Cam3_EK000277.JPG
possum (score = 0.83559) | filename: Cam3_EK000279.JPG
possum (score = 0.98658) | filename: Cam3_EK000127.JPG
possum (score = 0.83312) | filename: Cam3_EK000278.JPG
possum (score = 0.97086) | filename: Cam3_EK000163.JPG
possum (score = 0.96810) | filename: Cam3_EK000128.JPG
possum (score = 0.95313) | filename: Cam3_EK000120.JPG
possum (score = 0.97390) | filename: Cam3_EK000013.JPG
possum (score = 0.95576) | filename: Cam3_EK000015.JPG
possum (score = 0.92306) | filename: Cam3_EK000263.JPG
possum (score = 0.96299) | filename: Cam3_EK000014.JPG
possum (score = 0.96508) | filename: Cam3_EK000016.JPG
possum (score = 0.95519) | filename: Cam3_EK000119.JPG
possum (score = 0.84268) | filename: Cam3_EK000012.JPG
possum (score = 0.95609) | filename: Cam3_EK000017.JPG
classifying skunk jpgs...
skunk (score = 0.95138) | filename: Cam4_EK001857.JPG
skunk (score = 0.99241) | filename: Cam4_EK001811.JPG
skunk (score = 0.99364) | filename: Cam4_EK001883.JPG
skunk (score = 0.99090) | filename: Cam4_EK001812.JPG
skunk (score = 0.93995) | filename: Cam4_EK001611.JPG
skunk (score = 0.99246) | filename: Cam4_EK001790.JPG
skunk (score = 0.89561) | filename: Cam3_EK000580.JPG
skunk (score = 0.88353) | filename: Cam3_EK000712.JPG
skunk (score = 0.99366) | filename: Cam3_EK000377.JPG
skunk (score = 0.99729) | filename: Cam3_EK000549.JPG
skunk (score = 0.98758) | filename: Cam4_EK001814.JPG
skunk (score = 0.98500) | filename: Cam4_EK001634.JPG
skunk (score = 0.99905) | filename: Cam3_EK000461.JPG
skunk (score = 0.98097) | filename: Cam3_EK000394.JPG
nothing (score = 0.38091) | filename: Cam4_EK001794.JPG
skunk (score = 0.64704) | filename: Cam4_EK001849.JPG
skunk (score = 0.95104) | filename: Cam4_EK001974.JPG
skunk (score = 0.97418) | filename: Cam4_EK001900.JPG
skunk (score = 0.98545) | filename: Cam4_EK001409.JPG
skunk (score = 0.99083) | filename: Cam4_EK001606.JPG
skunk (score = 0.99273) | filename: Cam3_EK000589.JPG
skunk (score = 0.86847) | filename: Cam4_EK001858.JPG
skunk (score = 0.95757) | filename: Cam4_EK001813.JPG
skunk (score = 0.97358) | filename: Cam4_EK001652.JPG
skunk (score = 0.99088) | filename: Cam3_EK000462.JPG
skunk (score = 0.96780) | filename: Cam3_EK001456.JPG
skunk (score = 0.99591) | filename: Cam4_EK001610.JPG
skunk (score = 0.93965) | filename: Cam4_EK001972.JPG
skunk (score = 0.90264) | filename: Cam3_EK001490.JPG
nothing (score = 0.60066) | filename: Cam4_EK001850.JPG
skunk (score = 0.99569) | filename: Cam3_EK000582.JPG
skunk (score = 0.99138) | filename: Cam3_EK001457.JPG
skunk (score = 0.99838) | filename: Cam4_EK001855.JPG
skunk (score = 0.69584) | filename: Cam3_EK000713.JPG
skunk (score = 0.93438) | filename: Cam4_EK001596.JPG
skunk (score = 0.84886) | filename: Cam4_EK001595.JPG
skunk (score = 0.99220) | filename: Cam4_EK001594.JPG
skunk (score = 0.97397) | filename: Cam4_EK001418.JPG
skunk (score = 0.97437) | filename: Cam3_EK001458.JPG
skunk (score = 0.99804) | filename: Cam3_EK000548.JPG
skunk (score = 0.98070) | filename: Cam4_EK001903.JPG
skunk (score = 0.98148) | filename: Cam4_EK001369.JPG
skunk (score = 0.97624) | filename: Cam3_EK000460.JPG
skunk (score = 0.99533) | filename: Cam4_EK001882.JPG
skunk (score = 0.42295) | filename: Cam3_EK000593.JPG
skunk (score = 0.95047) | filename: Cam4_EK001653.JPG
skunk (score = 0.86534) | filename: Cam3_EK001491.JPG
skunk (score = 0.90585) | filename: Cam3_EK000714.JPG
skunk (score = 0.99646) | filename: Cam4_EK001609.JPG
skunk (score = 0.96862) | filename: Cam4_EK001792.JPG
skunk (score = 0.93344) | filename: Cam3_EK000591.JPG
skunk (score = 0.98979) | filename: Cam4_EK001884.JPG
skunk (score = 0.38338) | filename: Cam4_EK001973.JPG
skunk (score = 0.94776) | filename: Cam3_EK000376.JPG
skunk (score = 0.99474) | filename: Cam4_EK001810.JPG
skunk (score = 0.99337) | filename: Cam4_EK001635.JPG
skunk (score = 0.83466) | filename: Cam4_EK001419.JPG
skunk (score = 0.96845) | filename: Cam4_EK001370.JPG
skunk (score = 0.72723) | filename: Cam4_EK001789.JPG
possum (score = 0.55459) | filename: Cam3_EK000594.JPG
classifying squirrel jpgs...
squirrel (score = 0.83807) | filename: Cam4_EK001546.JPG
squirrel (score = 0.98654) | filename: Cam4_EK001677.JPG
squirrel (score = 0.99050) | filename: Cam4_EK001613.JPG
squirrel (score = 0.68574) | filename: Cam4_EK001380.JPG
squirrel (score = 0.97009) | filename: Cam4_EK001232.JPG
squirrel (score = 0.93471) | filename: Cam3_EK000849.JPG
squirrel (score = 0.59553) | filename: Cam3_EK001394.JPG
squirrel (score = 0.95896) | filename: Cam3_EK000019.JPG
squirrel (score = 0.97282) | filename: Cam3_EK001230.JPG
nothing (score = 0.47766) | filename: Cam4_EK001482.JPG
squirrel (score = 0.57080) | filename: Cam3_EK000552.JPG
squirrel (score = 0.98716) | filename: Cam3_EK001231.JPG
squirrel (score = 0.97359) | filename: Cam3_EK000791.JPG
squirrel (score = 0.94207) | filename: Cam4_EK001283.JPG
squirrel (score = 0.98265) | filename: Cam3_EK000042.JPG
squirrel (score = 0.48565) | filename: Cam4_EK001623.JPG
squirrel (score = 0.66071) | filename: Cam4_EK001543.JPG
squirrel (score = 0.80850) | filename: Cam3_EK000076.JPG
squirrel (score = 0.99677) | filename: Cam4_EK001662.JPG
squirrel (score = 0.60355) | filename: Cam4_EK001377.JPG
squirrel (score = 0.74658) | filename: Cam4_EK001235.JPG
squirrel (score = 0.96051) | filename: Cam3_EK000900.JPG
squirrel (score = 0.77144) | filename: Cam3_EK001390.JPG
nothing (score = 0.51998) | filename: Cam3_EK000007.JPG
nothing (score = 0.48013) | filename: Cam4_EK001622.JPG
classifying turkey jpgs...
turkey (score = 0.99844) | filename: Cam3_EK000032.JPG
turkey (score = 0.99827) | filename: Cam3_EK000029.JPG
turkey (score = 0.99634) | filename: Cam3_EK001497.JPG
turkey (score = 0.94101) | filename: Cam3_EK001499.JPG
turkey (score = 0.98414) | filename: Cam3_EK001567.JPG
turkey (score = 0.97408) | filename: Cam3_EK001296.JPG
turkey (score = 0.95141) | filename: Cam3_EK001538.JPG
turkey (score = 0.97966) | filename: Cam3_EK001303.JPG
turkey (score = 0.99179) | filename: Cam3_EK001568.JPG
turkey (score = 0.98735) | filename: Cam3_EK000026.JPG
turkey (score = 0.99508) | filename: Cam3_EK001575.JPG
turkey (score = 0.79964) | filename: Cam3_EK001572.JPG
turkey (score = 0.95039) | filename: Cam3_EK001537.JPG
turkey (score = 0.92248) | filename: Cam3_EK001573.JPG
turkey (score = 0.99855) | filename: Cam3_EK001496.JPG
turkey (score = 0.95356) | filename: Cam3_EK001539.JPG
turkey (score = 0.99753) | filename: Cam3_EK000031.JPG
turkey (score = 0.99004) | filename: Cam3_EK001266.JPG
turkey (score = 0.99669) | filename: Cam3_EK001495.JPG
turkey (score = 0.96232) | filename: Cam3_EK001265.JPG
turkey (score = 0.98959) | filename: Cam3_EK000025.JPG
turkey (score = 0.99380) | filename: Cam3_EK000035.JPG
turkey (score = 0.99688) | filename: Cam3_EK001455.JPG
turkey (score = 0.97821) | filename: Cam3_EK001295.JPG
turkey (score = 0.92837) | filename: Cam3_EK001500.JPG
turkey (score = 0.99514) | filename: Cam3_EK000034.JPG
turkey (score = 0.99780) | filename: Cam3_EK001453.JPG
turkey (score = 0.99412) | filename: Cam3_EK001569.JPG
turkey (score = 0.99580) | filename: Cam3_EK000028.JPG
turkey (score = 0.91231) | filename: Cam3_EK001498.JPG
turkey (score = 0.98327) | filename: Cam3_EK000027.JPG
turkey (score = 0.98898) | filename: Cam3_EK001305.JPG
turkey (score = 0.99572) | filename: Cam3_EK000036.JPG
turkey (score = 0.99855) | filename: Cam3_EK000030.JPG
turkey (score = 0.99666) | filename: Cam3_EK001454.JPG
turkey (score = 0.95958) | filename: Cam3_EK001294.JPG
turkey (score = 0.96418) | filename: Cam3_EK001304.JPG
turkey (score = 0.99502) | filename: Cam3_EK000033.JPG
turkey (score = 0.98406) | filename: Cam3_EK001574.JPG
turkey (score = 0.99321) | filename: Cam3_EK001264.JPG
Accuracy: 0.940959409594096
